[2026-04-23 17:20:27] Sync started 
🌊 [Kiro Sync] 启动双路同步：AI 巨无霸 (云端) + 人类分类视图 (本地)...
🔍 [Kiro Sync] 开始单次扫描并分类...

📊 [Kiro Sync] 扫描完成，共分类 1793 个文件
   01_important_rules: 4 个文件
   02_other_rules: 30 个文件
   03_a1_components: 836 个文件
   04_b1_components: 14 个文件
   05_project_core: 909 个文件

📝 [Kiro Sync] 生成云端 AI 巨无霸...
   ✅ 云端文件: AI_Context_Master_20260423_172027.txt (2.78 MB)

📝 [Kiro Sync] 生成本地人类分类视图...
   ✅ 01_important_rules.txt (0.02 MB, 4 文件)
   ✅ 02_other_rules.txt (0.25 MB, 30 文件)
   ✅ 03_a1_components.txt (0.65 MB, 836 文件)
   ✅ 04_b1_components.txt (0.03 MB, 14 文件)
   ✅ 05_project_core.txt (1.82 MB, 909 文件)

✨ [Kiro Sync] 双路同步完成！
   🌐 云端 (AI): C:\Users\26070\My Drive\Kiro_Godot_Brain\AI_Context_Master_20260423_172027.txt
   🏠 本地 (人): D:\A1GeminiSyncTestForHuman
[2026-04-23 17:20:27] Sync completed 
