[2026-05-02 11:20:23] Sync started 
🌊 [Agent Sync] 启动双路同步：AI 巨无霸 (云端) + 人类分类视图 (本地)...
🔍 [Agent Sync] 开始单次扫描并分类...

📊 [Agent Sync] 扫描完成，共分类 1543 个文件
   01_important_rules: 5 个文件
   02_other_rules: 19 个文件
   03_a1_components: 101 个文件
   04_b1_components: 7 个文件
   05_project_core: 1411 个文件

📝 [Agent Sync] 生成云端 AI 巨无霸...
   ✅ 云端文件: AI_Context_Master_20260502_112023.txt (1.18 MB)
   ✅ 工作区副本: AI_Context_Master_Latest.txt

📝 [Agent Sync] 生成本地人类分类视图...
   ✅ 01_important_rules.txt (0.02 MB, 5 文件)
   ✅ 02_other_rules.txt (0.16 MB, 19 文件)
   ✅ 03_a1_components.txt (0.55 MB, 101 文件)
   ✅ 04_b1_components.txt (0.03 MB, 7 文件)
   ✅ 05_project_core.txt (0.36 MB, 1411 文件)

✨ [Agent Sync] 双路同步完成！
   🌐 云端 (AI): C:\Users\26070\My Drive\Agent_Godot_Brain\AI_Context_Master_20260502_112023.txt
   🤖 工作区副本 (AI): C:\Godot\AISpace\SyncMasterCopy\AI_Context_Master_Latest.txt
   🏠 本地 (人): D:\A1GeminiSyncTestForHuman
[2026-05-02 11:20:23] Sync completed 
