[2026-04-26 00:14:31] Sync started 
🌊 [Agent Sync] 启动双路同步：AI 巨无霸 (云端) + 人类分类视图 (本地)...
🔍 [Agent Sync] 开始单次扫描并分类...

📊 [Agent Sync] 扫描完成，共分类 1643 个文件
   01_important_rules: 3 个文件
   02_other_rules: 22 个文件
   03_a1_components: 836 个文件
   04_b1_components: 14 个文件
   05_project_core: 768 个文件

📝 [Agent Sync] 生成云端 AI 巨无霸...
   ✅ 云端文件: AI_Context_Master_20260426_001431.txt (1.11 MB)

📝 [Agent Sync] 生成本地人类分类视图...
   ✅ 01_important_rules.txt (0.02 MB, 3 文件)
   ✅ 02_other_rules.txt (0.19 MB, 22 文件)
   ✅ 03_a1_components.txt (0.66 MB, 836 文件)
   ✅ 04_b1_components.txt (0.03 MB, 14 文件)
   ✅ 05_project_core.txt (0.17 MB, 768 文件)

✨ [Agent Sync] 双路同步完成！
   🌐 云端 (AI): C:\Users\26070\My Drive\Agent_Godot_Brain\AI_Context_Master_20260426_001431.txt
   🏠 本地 (人): D:\A1GeminiSyncTestForHuman
[2026-04-26 00:14:31] Sync completed 
